  builder.cc
  c.cc
db\c.cc(91): warning C4996: 'strdup': The POSIX name for this item is deprecated. Instead, use the ISO C and C++ conformant name: _strdup. See online help for details.
  C:\Program Files (x86)\Windows Kits\10\Include\10.0.10240.0\ucrt\string.h(552): note: see declaration of 'strdup'
db\c.cc(95): warning C4996: 'strdup': The POSIX name for this item is deprecated. Instead, use the ISO C and C++ conformant name: _strdup. See online help for details.
  C:\Program Files (x86)\Windows Kits\10\Include\10.0.10240.0\ucrt\string.h(552): note: see declaration of 'strdup'
db\c.cc(200): warning C4996: 'strdup': The POSIX name for this item is deprecated. Instead, use the ISO C and C++ conformant name: _strdup. See online help for details.
  C:\Program Files (x86)\Windows Kits\10\Include\10.0.10240.0\ucrt\string.h(552): note: see declaration of 'strdup'
db\c.cc(345): warning C4800: 'unsigned char': forcing value to bool 'true' or 'false' (performance warning)
db\c.cc(350): warning C4800: 'unsigned char': forcing value to bool 'true' or 'false' (performance warning)
db\c.cc(355): warning C4800: 'unsigned char': forcing value to bool 'true' or 'false' (performance warning)
db\c.cc(421): warning C4800: 'unsigned char': forcing value to bool 'true' or 'false' (performance warning)
db\c.cc(426): warning C4800: 'unsigned char': forcing value to bool 'true' or 'false' (performance warning)
db\c.cc(445): warning C4800: 'unsigned char': forcing value to bool 'true' or 'false' (performance warning)
  dbformat.cc
  db_impl.cc
  db_iter.cc
  extensions.cc
  filename.cc
  log_reader.cc
db\log_reader.cc(51): warning C4244: 'argument': conversion from 'uint64_t' to 'std::size_t', possible loss of data
  log_writer.cc
  memtable.cc
  repair.cc
  table_cache.cc
  version_edit.cc
  version_set.cc
db\version_set.cc(496): warning C4244: '=': conversion from 'uint64_t' to 'int', possible loss of data
  write_batch.cc
  dllmain.cpp
  NativeLevelDB.cpp
  port_win.cc
  sha1_portable.cc
  block.cc
  Generating Code...
  Compiling...
  block_builder.cc
  format.cc
  iterator.cc
  merger.cc
  table.cc
  table_builder.cc
  two_level_iterator.cc
  arena.cc
  cache.cc
  coding.cc
  coding_test.cc
util\coding_test.cc(92): warning C4018: '<': signed/unsigned mismatch
util\coding_test.cc(98): warning C4018: '<': signed/unsigned mismatch
util\coding_test.cc(123): warning C4018: '<': signed/unsigned mismatch
util\coding_test.cc(142): warning C4018: '<': signed/unsigned mismatch
  comparator.cc
  crc32c.cc
  env.cc
  env_boost.cc
util\env_boost.cc(118): warning C4996: 'strerror': This function or variable may be unsafe. Consider using strerror_s instead. To disable deprecation, use _CRT_SECURE_NO_WARNINGS. See online help for details.
  C:\Program Files (x86)\Windows Kits\10\Include\10.0.10240.0\ucrt\string.h(178): note: see declaration of 'strerror'
util\env_boost.cc(125): warning C4244: 'argument': conversion from 'uint64_t' to 'long', possible loss of data
util\env_boost.cc(126): warning C4996: 'strerror': This function or variable may be unsafe. Consider using strerror_s instead. To disable deprecation, use _CRT_SECURE_NO_WARNINGS. See online help for details.
  C:\Program Files (x86)\Windows Kits\10\Include\10.0.10240.0\ucrt\string.h(178): note: see declaration of 'strerror'
util\env_boost.cc(151): warning C4996: 'strerror': This function or variable may be unsafe. Consider using strerror_s instead. To disable deprecation, use _CRT_SECURE_NO_WARNINGS. See online help for details.
  C:\Program Files (x86)\Windows Kits\10\Include\10.0.10240.0\ucrt\string.h(178): note: see declaration of 'strerror'
util\env_boost.cc(163): warning C4996: 'strerror': This function or variable may be unsafe. Consider using strerror_s instead. To disable deprecation, use _CRT_SECURE_NO_WARNINGS. See online help for details.
  C:\Program Files (x86)\Windows Kits\10\Include\10.0.10240.0\ucrt\string.h(178): note: see declaration of 'strerror'
util\env_boost.cc(258): warning C4996: 'fopen': This function or variable may be unsafe. Consider using fopen_s instead. To disable deprecation, use _CRT_SECURE_NO_WARNINGS. See online help for details.
  C:\Program Files (x86)\Windows Kits\10\Include\10.0.10240.0\ucrt\stdio.h(205): note: see declaration of 'fopen'
util\env_boost.cc(261): warning C4996: 'strerror': This function or variable may be unsafe. Consider using strerror_s instead. To disable deprecation, use _CRT_SECURE_NO_WARNINGS. See online help for details.
  C:\Program Files (x86)\Windows Kits\10\Include\10.0.10240.0\ucrt\string.h(178): note: see declaration of 'strerror'
util\env_boost.cc(271): warning C4996: '_open': This function or variable may be unsafe. Consider using _sopen_s instead. To disable deprecation, use _CRT_SECURE_NO_WARNINGS. See online help for details.
  C:\Program Files (x86)\Windows Kits\10\Include\10.0.10240.0\ucrt\corecrt_io.h(388): note: see declaration of '_open'
util\env_boost.cc(277): warning C4996: 'strerror': This function or variable may be unsafe. Consider using strerror_s instead. To disable deprecation, use _CRT_SECURE_NO_WARNINGS. See online help for details.
  C:\Program Files (x86)\Windows Kits\10\Include\10.0.10240.0\ucrt\string.h(178): note: see declaration of 'strerror'
util\env_boost.cc(462): warning C4996: 'fopen': This function or variable may be unsafe. Consider using fopen_s instead. To disable deprecation, use _CRT_SECURE_NO_WARNINGS. See online help for details.
  C:\Program Files (x86)\Windows Kits\10\Include\10.0.10240.0\ucrt\stdio.h(205): note: see declaration of 'fopen'
util\env_boost.cc(465): warning C4996: 'strerror': This function or variable may be unsafe. Consider using strerror_s instead. To disable deprecation, use _CRT_SECURE_NO_WARNINGS. See online help for details.
  C:\Program Files (x86)\Windows Kits\10\Include\10.0.10240.0\ucrt\string.h(178): note: see declaration of 'strerror'
util\env_boost.cc(489): warning C4996: 'strerror': This function or variable may be unsafe. Consider using strerror_s instead. To disable deprecation, use _CRT_SECURE_NO_WARNINGS. See online help for details.
  C:\Program Files (x86)\Windows Kits\10\Include\10.0.10240.0\ucrt\string.h(178): note: see declaration of 'strerror'
  hash.cc
  histogram.cc
  logging.cc
  options.cc
  status.cc
  Generating Code...
c:\users\renbo\desktop\leveldb-master\leveldbnative\util\env_boost.cc(254): warning C4722: 'leveldb::`anonymous namespace'::PosixEnv::~PosixEnv': destructor never returns, potential memory leak
  Compiling...
  testharness.cc
util\testharness.cc(41): warning C4018: '<': signed/unsigned mismatch
util\testharness.cc(37): warning C4996: 'getenv': This function or variable may be unsafe. Consider using _dupenv_s instead. To disable deprecation, use _CRT_SECURE_NO_WARNINGS. See online help for details.
  C:\Program Files (x86)\Windows Kits\10\Include\10.0.10240.0\ucrt\stdlib.h(1183): note: see declaration of 'getenv'
util\testharness.cc(68): warning C4996: 'getenv': This function or variable may be unsafe. Consider using _dupenv_s instead. To disable deprecation, use _CRT_SECURE_NO_WARNINGS. See online help for details.
  C:\Program Files (x86)\Windows Kits\10\Include\10.0.10240.0\ucrt\stdlib.h(1183): note: see declaration of 'getenv'
  testutil.cc
util\testutil.cc(43): warning C4018: '<': signed/unsigned mismatch
  win_logger.cc
  Generating Code...
LINK : warning LNK4075: ignoring '/INCREMENTAL' due to '/OPT:ICF' specification
     Creating library C:\Users\renbo\Desktop\LevelDB-master\Release\LevelDB.lib and object C:\Users\renbo\Desktop\LevelDB-master\Release\LevelDB.exp
  leveldb.vcxproj -> C:\Users\renbo\Desktop\LevelDB-master\Release\LevelDB.dll
  leveldb.vcxproj -> C:\Users\renbo\Desktop\LevelDB-master\Release\LevelDB.pdb (Full PDB)
