c:\users\renbo\desktop\leveldb-master\leveldbnative\debug\vc140.pdb
c:\users\renbo\desktop\leveldb-master\leveldbnative\debug\vc140.idb
c:\users\renbo\desktop\leveldb-master\leveldbnative\debug\table.obj
c:\users\renbo\desktop\leveldb-master\leveldbnative\debug\table_builder.obj
c:\users\renbo\desktop\leveldb-master\leveldbnative\debug\two_level_iterator.obj
c:\users\renbo\desktop\leveldb-master\leveldbnative\debug\arena.obj
c:\users\renbo\desktop\leveldb-master\leveldbnative\debug\atomic.obj
c:\users\renbo\desktop\leveldb-master\leveldbnative\debug\cache.obj
c:\users\renbo\desktop\leveldb-master\leveldbnative\debug\coding.obj
c:\users\renbo\desktop\leveldb-master\leveldbnative\debug\coding_test.obj
c:\users\renbo\desktop\leveldb-master\leveldbnative\debug\comparator.obj
c:\users\renbo\desktop\leveldb-master\leveldbnative\debug\crc32c.obj
c:\users\renbo\desktop\leveldb-master\leveldbnative\debug\env.obj
c:\users\renbo\desktop\leveldb-master\leveldbnative\debug\env_boost.obj
c:\users\renbo\desktop\leveldb-master\leveldbnative\debug\hash.obj
c:\users\renbo\desktop\leveldb-master\leveldbnative\debug\histogram.obj
c:\users\renbo\desktop\leveldb-master\leveldbnative\debug\logging.obj
c:\users\renbo\desktop\leveldb-master\leveldbnative\debug\options.obj
c:\users\renbo\desktop\leveldb-master\leveldbnative\debug\status.obj
c:\users\renbo\desktop\leveldb-master\leveldbnative\debug\testharness.obj
c:\users\renbo\desktop\leveldb-master\leveldbnative\debug\testutil.obj
c:\users\renbo\desktop\leveldb-master\leveldbnative\debug\win_logger.obj
c:\users\renbo\desktop\leveldb-master\leveldbnative\debug\filename.obj
c:\users\renbo\desktop\leveldb-master\leveldbnative\debug\log_reader.obj
c:\users\renbo\desktop\leveldb-master\leveldbnative\debug\log_writer.obj
c:\users\renbo\desktop\leveldb-master\leveldbnative\debug\memtable.obj
c:\users\renbo\desktop\leveldb-master\leveldbnative\debug\repair.obj
c:\users\renbo\desktop\leveldb-master\leveldbnative\debug\table_cache.obj
c:\users\renbo\desktop\leveldb-master\leveldbnative\debug\version_edit.obj
c:\users\renbo\desktop\leveldb-master\leveldbnative\debug\version_set.obj
c:\users\renbo\desktop\leveldb-master\leveldbnative\debug\write_batch.obj
c:\users\renbo\desktop\leveldb-master\leveldbnative\debug\dllmain.obj
c:\users\renbo\desktop\leveldb-master\leveldbnative\debug\nativeleveldb.obj
c:\users\renbo\desktop\leveldb-master\leveldbnative\debug\port_win.obj
c:\users\renbo\desktop\leveldb-master\leveldbnative\debug\sha1_portable.obj
c:\users\renbo\desktop\leveldb-master\leveldbnative\debug\block.obj
c:\users\renbo\desktop\leveldb-master\leveldbnative\debug\block_builder.obj
c:\users\renbo\desktop\leveldb-master\leveldbnative\debug\filter_block.obj
c:\users\renbo\desktop\leveldb-master\leveldbnative\debug\format.obj
c:\users\renbo\desktop\leveldb-master\leveldbnative\debug\iterator.obj
c:\users\renbo\desktop\leveldb-master\leveldbnative\debug\merger.obj
c:\users\renbo\desktop\leveldb-master\leveldbnative\debug\builder.obj
c:\users\renbo\desktop\leveldb-master\leveldbnative\debug\c.obj
c:\users\renbo\desktop\leveldb-master\leveldbnative\debug\dbformat.obj
c:\users\renbo\desktop\leveldb-master\leveldbnative\debug\db_impl.obj
c:\users\renbo\desktop\leveldb-master\leveldbnative\debug\db_iter.obj
c:\users\renbo\desktop\leveldb-master\leveldbnative\debug\extensions.obj
c:\users\renbo\desktop\leveldb-master\leveldbnative\debug\filter_policy.obj
c:\users\renbo\desktop\leveldb-master\leveldbnative\debug\bloom.obj
c:\users\renbo\desktop\leveldb-master\leveldbnative\debug\replay_iterator.obj
c:\users\renbo\desktop\leveldb-master\debug\leveldb.lib
c:\users\renbo\desktop\leveldb-master\debug\leveldb.exp
c:\users\renbo\desktop\leveldb-master\debug\leveldb.ilk
c:\users\renbo\desktop\leveldb-master\debug\leveldb.dll
c:\users\renbo\desktop\leveldb-master\debug\leveldb.pdb
c:\users\renbo\desktop\leveldb-master\leveldbnative\debug\leveldb.native.tlog\cl.command.1.tlog
c:\users\renbo\desktop\leveldb-master\leveldbnative\debug\leveldb.native.tlog\cl.read.1.tlog
c:\users\renbo\desktop\leveldb-master\leveldbnative\debug\leveldb.native.tlog\cl.write.1.tlog
c:\users\renbo\desktop\leveldb-master\leveldbnative\debug\leveldb.native.tlog\leveldb.native.write.1u.tlog
c:\users\renbo\desktop\leveldb-master\leveldbnative\debug\leveldb.native.tlog\link.command.1.tlog
c:\users\renbo\desktop\leveldb-master\leveldbnative\debug\leveldb.native.tlog\link.read.1.tlog
c:\users\renbo\desktop\leveldb-master\leveldbnative\debug\leveldb.native.tlog\link.write.1.tlog
